<?xml version="1.0" encoding="UTF-8"?>
<testng-results ignored="0" total="1" passed="1" failed="0" skipped="0">
  <reporter-output>
  </reporter-output>
  <suite started-at="2023-10-31T12:24:41 GMT" name="Default suite" finished-at="2023-10-31T12:24:52 GMT" duration-ms="11336">
    <groups>
    </groups>
    <test started-at="2023-10-31T12:24:41 GMT" name="Default test" finished-at="2023-10-31T12:24:52 GMT" duration-ms="11336">
      <class name="testScripts.PlaceOrderTest">
        <test-method is-config="true" signature="setUp()[pri:0, instance:testScripts.PlaceOrderTest@41e1e210]" started-at="2023-10-31T12:24:41 GMT" name="setUp" finished-at="2023-10-31T12:24:46 GMT" duration-ms="4882" status="PASS">
          <reporter-output>
          </reporter-output>
        </test-method> <!-- setUp -->
        <test-method signature="addItemTest()[pri:0, instance:testScripts.PlaceOrderTest@41e1e210]" started-at="2023-10-31T12:24:46 GMT" name="addItemTest" finished-at="2023-10-31T12:24:52 GMT" duration-ms="6415" status="PASS">
          <reporter-output>
          </reporter-output>
        </test-method> <!-- addItemTest -->
      </class> <!-- testScripts.PlaceOrderTest -->
    </test> <!-- Default test -->
  </suite> <!-- Default suite -->
</testng-results>
